2026-04-17 01:01:32,039 - INFO - Procesando temporada: 2014-2015
2026-04-17 01:01:35,319 - INFO - Procesando categoría: general - URL https://fbref.com/en/comps/8/2014-2015/stats/2014-2015-Champions-League-Stats
2026-04-17 01:01:49,068 - WARNING - No se encontró la tabla de jugadores: general
2026-04-17 01:01:52,070 - INFO - Procesando categoría: porteros - URL https://fbref.com/en/comps/8/2014-2015/keepers/2014-2015-Champions-League-Stats
2026-04-17 01:02:04,196 - WARNING - No se encontró la tabla de jugadores: porteros
2026-04-17 01:02:07,198 - INFO - Procesando categoría: porteros_avanzado - URL https://fbref.com/en/comps/8/2014-2015/keepersadv/2014-2015-Champions-League-Stats
2026-04-17 01:02:11,996 - WARNING - Retrying (Retry(total=2, connect=None, read=None, redirect=None, status=None)) after connection broken by 'ConnectionResetError(10054, 'Se ha forzado la interrupción de una conexión existente por el host remoto', None, 10054, None)': /session/a22029e209119c52d95fd70f319b8087
2026-04-17 01:02:16,060 - WARNING - Retrying (Retry(total=1, connect=None, read=None, redirect=None, status=None)) after connection broken by 'NewConnectionError("HTTPConnection(host='localhost', port=58891): Failed to establish a new connection: [WinError 10061] No se puede establecer una conexión ya que el equipo de destino denegó expresamente dicha conexión")': /session/a22029e209119c52d95fd70f319b8087
2026-04-17 01:08:18,729 - INFO - Procesando temporada: 2014-2015
2026-04-17 01:08:19,478 - INFO - Extrayendo: general...
2026-04-17 01:08:30,307 - WARNING -   -> FALLO: No se encontró la tabla de general.
2026-04-17 01:08:33,308 - INFO - Extrayendo: porteros...
2026-04-17 01:08:38,415 - WARNING - Retrying (Retry(total=2, connect=None, read=None, redirect=None, status=None)) after connection broken by 'ConnectionResetError(10054, 'Se ha forzado la interrupción de una conexión existente por el host remoto', None, 10054, None)': /session/5fd004c97ca1a69e742e976d7809e5b6
2026-04-17 19:57:05,484 - INFO - Procesando temporada: 2014-2015
2026-04-17 19:57:05,484 - INFO - Extrayendo: general...
2026-04-17 19:57:05,954 - ERROR - Error de conexión: Código 403 en https://fbref.com/en/comps/8/2014-2015/stats/2014-2015-Champions-League-Stats
2026-04-17 19:57:05,954 - INFO - Extrayendo: porteros...
2026-04-17 19:57:06,319 - ERROR - Error de conexión: Código 403 en https://fbref.com/en/comps/8/2014-2015/keepers/2014-2015-Champions-League-Stats
2026-04-17 19:57:06,319 - INFO - Extrayendo: porteros_avanzado...
2026-04-17 19:57:06,686 - ERROR - Error de conexión: Código 403 en https://fbref.com/en/comps/8/2014-2015/keepersadv/2014-2015-Champions-League-Stats
2026-04-17 19:57:06,686 - INFO - Extrayendo: tiros...
2026-04-17 19:57:07,055 - ERROR - Error de conexión: Código 403 en https://fbref.com/en/comps/8/2014-2015/shooting/2014-2015-Champions-League-Stats
2026-04-17 19:57:07,055 - INFO - Extrayendo: pases...
2026-04-17 19:57:07,428 - ERROR - Error de conexión: Código 403 en https://fbref.com/en/comps/8/2014-2015/passing/2014-2015-Champions-League-Stats
2026-04-17 19:57:07,428 - INFO - Extrayendo: tipos_pase...
2026-04-17 19:57:07,795 - ERROR - Error de conexión: Código 403 en https://fbref.com/en/comps/8/2014-2015/passing_types/2014-2015-Champions-League-Stats
2026-04-17 19:57:07,801 - INFO - Extrayendo: creación_gol...
2026-04-17 19:57:08,170 - ERROR - Error de conexión: Código 403 en https://fbref.com/en/comps/8/2014-2015/gca/2014-2015-Champions-League-Stats
2026-04-17 19:57:08,170 - INFO - Extrayendo: defensa...
2026-04-17 19:57:08,535 - ERROR - Error de conexión: Código 403 en https://fbref.com/en/comps/8/2014-2015/defense/2014-2015-Champions-League-Stats
2026-04-17 19:57:08,535 - INFO - Extrayendo: posesión...
2026-04-17 19:57:08,900 - ERROR - Error de conexión: Código 403 en https://fbref.com/en/comps/8/2014-2015/possession/2014-2015-Champions-League-Stats
2026-04-17 19:57:08,900 - INFO - Extrayendo: minutos...
2026-04-17 19:57:09,286 - ERROR - Error de conexión: Código 403 en https://fbref.com/en/comps/8/2014-2015/playingtime/2014-2015-Champions-League-Stats
2026-04-17 19:57:09,294 - INFO - Extrayendo: otros...
2026-04-17 19:57:09,648 - ERROR - Error de conexión: Código 403 en https://fbref.com/en/comps/8/2014-2015/misc/2014-2015-Champions-League-Stats
2026-04-17 19:57:09,648 - INFO - --- Temporada 2014-2015 finalizada ---

2026-04-17 19:57:09,648 - INFO - Tiempo total de extracción: 0 min y 4 seg
2026-04-17 20:00:33,154 - INFO - Procesando temporada: 2014-2015
2026-04-17 20:00:34,286 - INFO - patching driver executable C:\Users\Enzo\appdata\roaming\undetected_chromedriver\undetected_chromedriver.exe
2026-04-17 20:00:36,575 - INFO - Extrayendo: general...
2026-04-17 20:00:50,406 - INFO -   -> ÉXITO: 22 jugadores del Barça guardados.
2026-04-17 20:00:54,409 - INFO - Extrayendo: posesión...
2026-04-17 20:01:13,105 - INFO -   -> ÉXITO: 22 jugadores del Barça guardados.
2026-04-17 20:12:08,203 - INFO - Procesando temporada: 2024-2025
2026-04-17 20:12:09,557 - INFO - patching driver executable C:\Users\Enzo\appdata\roaming\undetected_chromedriver\undetected_chromedriver.exe
2026-04-17 20:12:12,179 - INFO - Extrayendo: general...
2026-04-17 20:12:25,223 - INFO -   -> ÉXITO: 27 jugadores del Barça guardados.
2026-04-17 20:12:29,225 - INFO - Extrayendo: posesión...
2026-04-17 20:12:43,177 - INFO -   -> ÉXITO: 27 jugadores del Barça guardados.
2026-04-17 20:19:58,221 - INFO - Procesando temporada: 2023-2024
2026-04-17 20:19:59,106 - INFO - patching driver executable C:\Users\Enzo\appdata\roaming\undetected_chromedriver\undetected_chromedriver.exe
2026-04-17 20:20:01,728 - INFO - Extrayendo: general...
2026-04-17 20:20:02,082 - INFO -    -> Haciendo scroll para forzar la carga de datos de Opta...
2026-04-17 20:20:17,238 - INFO -    -> ÉXITO TOTAL: Guardados 25 jugadores del Barça CON datos de Opta.
2026-04-17 20:20:21,242 - INFO - Extrayendo: posesión...
2026-04-17 20:20:26,058 - INFO -    -> Haciendo scroll para forzar la carga de datos de Opta...
2026-04-17 20:20:39,565 - WARNING -    -> Intento 1: FBref aún no ha cargado los datos. Esperando...
2026-04-17 20:20:47,940 - WARNING -    -> Intento 2: FBref aún no ha cargado los datos. Esperando...
2026-04-17 20:20:56,301 - WARNING -    -> Intento 3: FBref aún no ha cargado los datos. Esperando...
2026-04-17 20:21:00,305 - ERROR -    -> FALLO FINAL: No se pudo extraer posesión con datos completos.
2026-04-17 20:21:05,106 - INFO - Tiempo total: 1 min y 6 seg
2026-04-17 20:23:03,106 - INFO - Procesando temporada: 2023-2024
2026-04-17 20:23:04,202 - INFO - patching driver executable C:\Users\Enzo\appdata\roaming\undetected_chromedriver\undetected_chromedriver.exe
2026-04-17 20:23:06,699 - INFO - Extrayendo: general...
2026-04-17 20:23:10,980 - INFO -    -> Haciendo scroll suave para despertar a Opta...
2026-04-17 20:23:24,688 - INFO -    -> ÉXITO TOTAL: 25 jugadores del Barça guardados.
2026-04-17 20:23:27,695 - INFO - Extrayendo: posesión...
2026-04-17 20:24:28,092 - INFO -    -> Haciendo scroll suave para despertar a Opta...
2026-04-17 20:24:38,239 - WARNING -    -> Intento 1: Tabla no encontrada en el HTML.
2026-04-17 20:24:41,610 - WARNING -    -> Intento 2: Tabla no encontrada en el HTML.
2026-04-17 20:24:45,158 - WARNING -    -> Intento 3: Tabla no encontrada en el HTML.
2026-04-17 20:24:48,162 - ERROR -    -> FALLO FINAL: No se pudo extraer posesión.
2026-04-17 20:24:52,388 - INFO - Tiempo total: 1 min y 49 seg
2026-04-17 20:27:02,564 - INFO - Procesando temporada: 2023-2024
2026-04-17 20:27:03,450 - INFO - patching driver executable C:\Users\Enzo\appdata\roaming\undetected_chromedriver\undetected_chromedriver.exe
2026-04-17 20:27:06,018 - INFO - Extrayendo: general...
2026-04-17 20:27:10,441 - INFO -    -> Haciendo scroll suave...
2026-04-17 20:27:26,475 - INFO -    -> Tabla localizada. Limpiando datos...
2026-04-17 20:27:26,493 - INFO -    -> ÉXITO TOTAL: 25 jugadores del Barça guardados.
2026-04-17 20:27:29,498 - INFO - Extrayendo: posesión...
2026-04-17 20:28:12,226 - INFO -    -> Haciendo scroll suave...
2026-04-17 20:28:24,448 - INFO -    -> Tabla localizada. Limpiando datos...
2026-04-17 20:28:24,461 - INFO -    -> ÉXITO TOTAL: 25 jugadores del Barça guardados.
2026-04-17 20:28:28,709 - INFO - Tiempo total: 1 min y 26 seg
2026-04-17 20:35:24,528 - INFO - Procesando temporada: 2023-2024
2026-04-17 20:35:25,354 - INFO - patching driver executable C:\Users\Enzo\appdata\roaming\undetected_chromedriver\undetected_chromedriver.exe
2026-04-17 20:35:28,496 - INFO - Extrayendo: general...
2026-04-17 20:35:36,923 - INFO -    -> ÉXITO TOTAL: 25 jugadores del Barça guardados.
2026-04-17 20:35:38,929 - INFO - Extrayendo: posesión...
2026-04-17 20:35:52,004 - ERROR -    -> ERROR al filtrar por equipo: [Errno 13] Permission denied: 'datos_fbref_champions\\2023-2024\\Jugadores\\Jugadores_posesión_2023-2024.csv'
2026-04-17 20:35:54,755 - INFO - Tiempo total: 0 min y 30 seg
2026-04-17 20:40:41,290 - INFO - Procesando temporada: 2023-2024
2026-04-17 20:40:42,116 - INFO - patching driver executable C:\Users\Enzo\appdata\roaming\undetected_chromedriver\undetected_chromedriver.exe
2026-04-17 20:40:44,664 - INFO - Extrayendo: general...
2026-04-17 20:40:53,423 - INFO -    -> ÉXITO TOTAL: 25 jugadores del Barça guardados.
2026-04-17 20:40:55,437 - INFO - Extrayendo: posesión...
2026-04-17 20:41:07,787 - INFO -    -> ÉXITO TOTAL: 25 jugadores del Barça guardados.
2026-04-17 20:41:11,321 - INFO - Tiempo total: 0 min y 30 seg
2026-04-17 20:51:03,042 - INFO - Procesando temporada: 2023-2024
2026-04-17 20:51:04,215 - INFO - patching driver executable C:\Users\Enzo\appdata\roaming\undetected_chromedriver\undetected_chromedriver.exe
2026-04-17 20:51:06,416 - INFO - Extrayendo: general...
2026-04-17 20:51:10,839 - INFO -    -> Intento 1: Enfocando la tabla como francotirador...
2026-04-17 20:51:19,028 - INFO -    -> ¡Datos reales detectados!
2026-04-17 20:51:19,040 - INFO -    -> ÉXITO TOTAL: 25 jugadores del Barça guardados.
2026-04-17 20:51:21,040 - INFO - Extrayendo: posesión...
2026-04-17 20:51:26,882 - INFO -    -> Intento 1: Enfocando la tabla como francotirador...
2026-04-17 20:51:32,731 - WARNING -    -> La tabla sigue siendo un esqueleto vacío. Aplicando sacudida...
2026-04-17 20:51:34,750 - INFO -    -> Intento 2: Enfocando la tabla como francotirador...
2026-04-17 20:51:40,582 - WARNING -    -> La tabla sigue siendo un esqueleto vacío. Aplicando sacudida...
2026-04-17 20:51:42,599 - INFO -    -> Intento 3: Enfocando la tabla como francotirador...
2026-04-17 20:51:48,395 - WARNING -    -> La tabla sigue siendo un esqueleto vacío. Aplicando sacudida...
2026-04-17 20:51:50,412 - ERROR -    -> Nos rendimos con posesión tras 3 intentos.
2026-04-17 20:51:52,903 - INFO - Tiempo total: OK
2026-04-17 20:55:01,656 - INFO - Procesando temporada: 2023-2024
2026-04-17 20:55:02,830 - INFO - patching driver executable C:\Users\Enzo\appdata\roaming\undetected_chromedriver\undetected_chromedriver.exe
2026-04-17 20:55:07,719 - INFO - Extrayendo: general...
2026-04-17 20:55:12,012 - INFO -    -> Intento 1: Aplicando Zoom al 10% para despertar las tablas...
2026-04-17 20:55:22,582 - INFO -    -> ¡Datos reales capturados!
2026-04-17 20:55:22,589 - INFO -    -> ÉXITO TOTAL: 25 jugadores del Barça guardados.
2026-04-17 20:55:24,592 - INFO - Extrayendo: posesión...
2026-04-17 20:55:31,732 - INFO -    -> Intento 1: Aplicando Zoom al 10% para despertar las tablas...
2026-04-17 20:55:42,292 - WARNING -    -> La tabla sigue vacía. Reintentando...
2026-04-17 20:55:42,292 - INFO -    -> Intento 2: Aplicando Zoom al 10% para despertar las tablas...
2026-04-17 20:55:53,637 - WARNING -    -> La tabla sigue vacía. Reintentando...
2026-04-17 20:55:53,637 - INFO -    -> Intento 3: Aplicando Zoom al 10% para despertar las tablas...
2026-04-17 20:56:03,978 - WARNING -    -> La tabla sigue vacía. Reintentando...
2026-04-17 20:56:03,978 - ERROR -    -> Nos rendimos con posesión. FBref se resiste.
2026-04-17 20:56:06,757 - INFO - Tiempo total: OK
2026-04-17 20:57:05,872 - INFO - Procesando temporada: 2023-2024
2026-04-17 20:57:06,795 - INFO - patching driver executable C:\Users\Enzo\appdata\roaming\undetected_chromedriver\undetected_chromedriver.exe
2026-04-17 20:57:09,658 - INFO - Extrayendo: general...
2026-04-17 20:57:14,025 - INFO -    -> Intento 1: Aplicando Zoom al 10% para despertar las tablas...
2026-04-17 20:57:22,070 - WARNING -    -> La tabla sigue vacía. Reintentando...
2026-04-17 20:57:22,070 - INFO -    -> Intento 2: Aplicando Zoom al 10% para despertar las tablas...
2026-04-17 20:57:34,112 - INFO -    -> ¡Datos reales capturados!
2026-04-17 20:57:34,122 - INFO -    -> ÉXITO TOTAL: 25 jugadores del Barça guardados.
2026-04-17 20:57:36,123 - INFO - Extrayendo: posesión...
2026-04-17 20:57:42,684 - INFO -    -> Intento 1: Aplicando Zoom al 10% para despertar las tablas...
2026-04-17 20:57:53,500 - WARNING -    -> La tabla sigue vacía. Reintentando...
2026-04-17 20:57:53,500 - INFO -    -> Intento 2: Aplicando Zoom al 10% para despertar las tablas...
2026-04-17 20:58:04,634 - WARNING -    -> La tabla sigue vacía. Reintentando...
2026-04-17 20:58:04,634 - INFO -    -> Intento 3: Aplicando Zoom al 10% para despertar las tablas...
2026-04-17 20:58:14,850 - WARNING -    -> La tabla sigue vacía. Reintentando...
2026-04-17 20:58:14,851 - ERROR -    -> Nos rendimos con posesión. FBref se resiste.
2026-04-17 20:58:17,833 - INFO - Tiempo total: OK
